============================= test session starts =============================
platform win32 -- Python 3.12.7, pytest-9.0.3, pluggy-1.6.0 -- C:\Program Files\Python312\python.exe
cachedir: .pytest_cache
rootdir: D:\claude-code-project\langchain\agentsFactory
plugins: anyio-4.13.0, langsmith-0.7.30
collecting ... collected 342 items

tests/test_context_manager.py::TestMessage::test_defaults PASSED         [  0%]
tests/test_context_manager.py::TestMessage::test_token_estimate PASSED   [  0%]
tests/test_context_manager.py::TestMessage::test_empty_token_estimate PASSED [  0%]
tests/test_context_manager.py::TestMessage::test_frozen PASSED           [  1%]
tests/test_context_manager.py::TestMessage::test_full_constructor PASSED [  1%]
tests/test_context_manager.py::TestStoreLevel::test_values PASSED        [  1%]
tests/test_context_manager.py::TestCompressionLevel::test_order PASSED   [  2%]
tests/test_context_manager.py::TestCompressTrigger::test_all_values PASSED [  2%]
tests/test_context_manager.py::TestMessageType::test_coverage PASSED     [  2%]
tests/test_context_manager.py::TestAnchorRef::test_defaults PASSED       [  2%]
tests/test_context_manager.py::TestAnchorRef::test_full PASSED           [  3%]
tests/test_context_manager.py::TestCompressedRecord::test_defaults PASSED [  3%]
tests/test_context_manager.py::TestCompressedRecord::test_full PASSED    [  3%]
tests/test_context_manager.py::TestCompressionCandidate::test_defaults PASSED [  4%]
tests/test_context_manager.py::TestCompressionPlan::test_defaults PASSED [  4%]
tests/test_context_manager.py::TestBudgetState::test_defaults PASSED     [  4%]
tests/test_context_manager.py::TestBudgetState::test_remaining PASSED    [  4%]
tests/test_context_manager.py::TestBudgetState::test_zero_budget_remaining PASSED [  5%]
tests/test_context_manager.py::TestToolCall::test_defaults PASSED        [  5%]
tests/test_context_manager.py::TestToolCall::test_full PASSED            [  5%]
tests/test_context_manager.py::TestDependencyHit::test_defaults PASSED   [  6%]
tests/test_context_manager.py::TestDependencyHit::test_full PASSED       [  6%]
tests/test_context_manager.py::TestRestorationRequest::test_defaults PASSED [  6%]
tests/test_context_manager.py::TestRestoredSnippet::test_defaults PASSED [  7%]
tests/test_context_manager.py::TestRestoredSnippet::test_format_injection_no_source PASSED [  7%]
tests/test_context_manager.py::TestRestoredSnippet::test_format_injection_with_source PASSED [  7%]
tests/test_context_manager.py::TestRestoredSnippet::test_format_injection_truncated PASSED [  7%]
tests/test_context_manager.py::TestLayeredStore::test_init_creates_db PASSED [  8%]
tests/test_context_manager.py::TestLayeredStore::test_write_and_read_record PASSED [  8%]
tests/test_context_manager.py::TestLayeredStore::test_read_nonexistent PASSED [  8%]
tests/test_context_manager.py::TestLayeredStore::test_write_and_read_anchor PASSED [  9%]
tests/test_context_manager.py::TestLayeredStore::test_read_anchor_nonexistent PASSED [  9%]
tests/test_context_manager.py::TestLayeredStore::test_restore_snippet_no_query PASSED [  9%]
tests/test_context_manager.py::TestLayeredStore::test_restore_snippet_line_range PASSED [  9%]
tests/test_context_manager.py::TestLayeredStore::test_restore_snippet_single_line PASSED [ 10%]
tests/test_context_manager.py::TestLayeredStore::test_restore_snippet_keyword PASSED [ 10%]
tests/test_context_manager.py::TestLayeredStore::test_restore_snippet_nonexistent_anchor PASSED [ 10%]
tests/test_context_manager.py::TestLayeredStore::test_cross_session_lookup PASSED [ 11%]
tests/test_context_manager.py::TestLayeredStore::test_list_session_anchors PASSED [ 11%]
tests/test_context_manager.py::TestLayeredStore::test_list_session_records PASSED [ 11%]
tests/test_context_manager.py::TestLayeredStore::test_delete_session PASSED [ 11%]
tests/test_context_manager.py::TestLayeredStore::test_store_path_property PASSED [ 12%]
tests/test_context_manager.py::TestLayeredStore::test_close_twice PASSED [ 12%]
tests/test_context_manager.py::TestCompressibilityScorer::test_empty_messages PASSED [ 12%]
tests/test_context_manager.py::TestCompressibilityScorer::test_skips_system_and_user_intent PASSED [ 13%]
tests/test_context_manager.py::TestCompressibilityScorer::test_skips_already_compressed PASSED [ 13%]
tests/test_context_manager.py::TestCompressibilityScorer::test_skips_small_messages PASSED [ 13%]
tests/test_context_manager.py::TestCompressibilityScorer::test_scores_tool_result PASSED [ 14%]
tests/test_context_manager.py::TestCompressibilityScorer::test_type_bonus_highest_for_logs PASSED [ 14%]
tests/test_context_manager.py::TestCompressibilityScorer::test_recommend_level PASSED [ 14%]
tests/test_context_manager.py::TestCompressibilityScorer::test_tool_result_bonus PASSED [ 14%]
tests/test_context_manager.py::TestCompressibilityScorer::test_candidates_sorted_by_score_desc PASSED [ 15%]
tests/test_context_manager.py::TestStrategyChain::test_default_strategies PASSED [ 15%]
tests/test_context_manager.py::TestStrategyChain::test_get_known_strategy PASSED [ 15%]
tests/test_context_manager.py::TestStrategyChain::test_get_unknown_falls_back PASSED [ 16%]
tests/test_context_manager.py::TestTruncateStrategy::test_truncates_long_lines PASSED [ 16%]
tests/test_context_manager.py::TestTruncateStrategy::test_truncates_long_content PASSED [ 16%]
tests/test_context_manager.py::TestTruncateStrategy::test_no_truncation_needed PASSED [ 16%]
tests/test_context_manager.py::TestSummarizeStrategy::test_creates_summary PASSED [ 17%]
tests/test_context_manager.py::TestDiscardStrategy::test_discards_message PASSED [ 17%]
tests/test_context_manager.py::TestApplyResult::test_defaults PASSED     [ 17%]
tests/test_context_manager.py::TestApplyResult::test_message_count PASSED [ 18%]
tests/test_context_manager.py::TestAsyncCompressor::test_score_empty PASSED [ 18%]
tests/test_context_manager.py::TestAsyncCompressor::test_score_messages PASSED [ 18%]
tests/test_context_manager.py::TestAsyncCompressor::test_create_plan_empty PASSED [ 19%]
tests/test_context_manager.py::TestAsyncCompressor::test_create_plan_with_messages PASSED [ 19%]
tests/test_context_manager.py::TestAsyncCompressor::test_create_plan_with_target_savings PASSED [ 19%]
tests/test_context_manager.py::TestAsyncCompressor::test_submit_and_collect_plan PASSED [ 19%]
tests/test_context_manager.py::TestAsyncCompressor::test_apply_plan PASSED [ 20%]
tests/test_context_manager.py::TestAsyncCompressor::test_apply_plan_no_candidates PASSED [ 20%]
tests/test_context_manager.py::TestFindFilePaths::test_direct_file_path_param PASSED [ 20%]
tests/test_context_manager.py::TestFindFilePaths::test_path_param_key PASSED [ 21%]
tests/test_context_manager.py::TestFindFilePaths::test_source_param_key PASSED [ 21%]
tests/test_context_manager.py::TestFindFilePaths::test_regex_path_detection PASSED [ 21%]
tests/test_context_manager.py::TestFindLineNumbers::test_direct_line_param PASSED [ 21%]
tests/test_context_manager.py::TestFindLineNumbers::test_line_start_end PASSED [ 22%]
tests/test_context_manager.py::TestFindLineNumbers::test_regex_in_string PASSED [ 22%]
tests/test_context_manager.py::TestFindLineNumbers::test_no_line_refs PASSED [ 22%]
tests/test_context_manager.py::TestFindKeyTermMatches::test_matches_key_terms PASSED [ 23%]
tests/test_context_manager.py::TestFindKeyTermMatches::test_no_match PASSED [ 23%]
tests/test_context_manager.py::TestFindKeyTermMatches::test_empty_key_terms PASSED [ 23%]
tests/test_context_manager.py::TestDependencyDetector::test_detect_file_path_match PASSED [ 23%]
tests/test_context_manager.py::TestDependencyDetector::test_detect_no_match PASSED [ 24%]
tests/test_context_manager.py::TestDependencyDetector::test_path_matches_multiple_variants PASSED [ 24%]
tests/test_context_manager.py::TestDependencyDetector::test_detect_line_number PASSED [ 24%]
tests/test_context_manager.py::TestDependencyDetector::test_detect_key_term PASSED [ 25%]
tests/test_context_manager.py::TestDependencyDetector::test_dedup_anchors PASSED [ 25%]
tests/test_context_manager.py::TestDependencyDetector::test_empty_anchors PASSED [ 25%]
tests/test_context_manager.py::TestRestorer::test_restore_no_hits PASSED [ 26%]
tests/test_context_manager.py::TestRestorer::test_restore_with_hits PASSED [ 26%]
tests/test_context_manager.py::TestRestorer::test_restore_respects_max_snippets PASSED [ 26%]
tests/test_context_manager.py::TestRestorer::test_format_supplemental_context_empty PASSED [ 26%]
tests/test_context_manager.py::TestRestorer::test_format_supplemental_context_with_snippets PASSED [ 27%]
tests/test_context_manager.py::TestRestorer::test_format_multiple_snippets PASSED [ 27%]
tests/test_context_manager.py::TestRestorer::test_degrade_with_source_path PASSED [ 27%]
tests/test_context_manager.py::TestRestorer::test_degrade_without_source_path PASSED [ 28%]
tests/test_context_manager.py::TestRestorer::test_degrade_unknown_anchor PASSED [ 28%]
tests/test_context_manager.py::TestContextManager::test_initial_state PASSED [ 28%]
tests/test_context_manager.py::TestContextManager::test_add_message PASSED [ 28%]
tests/test_context_manager.py::TestContextManager::test_add_message_closed_raises PASSED [ 29%]
tests/test_context_manager.py::TestContextManager::test_budget_initial PASSED [ 29%]
tests/test_context_manager.py::TestContextManager::test_budget_after_messages PASSED [ 29%]
tests/test_context_manager.py::TestContextManager::test_budget_trigger_warn PASSED [ 30%]
tests/test_context_manager.py::TestContextManager::test_budget_trigger_hard_limit PASSED [ 30%]
tests/test_context_manager.py::TestContextManager::test_safe_point_before_inference_noop PASSED [ 30%]
tests/test_context_manager.py::TestContextManager::test_close PASSED     [ 30%]
tests/test_context_manager.py::TestContextManager::test_close_idempotent PASSED [ 31%]
tests/test_context_manager.py::TestContextManager::test_reset PASSED     [ 31%]
tests/test_context_manager.py::TestContextManager::test_store_path_property PASSED [ 31%]
tests/test_context_manager.py::TestContextManager::test_lookup_anchor PASSED [ 32%]
tests/test_context_manager.py::TestContextManager::test_export_session_history PASSED [ 32%]
tests/test_context_manager.py::TestContextManager::test_record_tool_call_no_anchors PASSED [ 32%]
tests/test_context_manager.py::TestContextManager::test_build_prompt_basic PASSED [ 33%]
tests/test_context_manager.py::TestContextManager::test_build_prompt_with_supplemental PASSED [ 33%]
tests/test_context_manager.py::TestContextManager::test_safe_point_after_tool PASSED [ 33%]
tests/test_context_manager.py::TestContextManager::test_compression_through_add_message PASSED [ 33%]
tests/test_context_manager.py::TestContextManager::test_session_id_generated PASSED [ 34%]
tests/test_context_manager.py::TestContextManager::test_custom_session_id PASSED [ 34%]
tests/test_context_manager.py::TestContextManager::test_active_messages_immutable PASSED [ 34%]
tests/test_context_manager.py::TestContextManager::test_message_enriched_with_session_id PASSED [ 35%]
tests/test_context_manager.py::TestCompressorStoreIntegration::test_compress_and_restore PASSED [ 35%]
tests/test_context_manager.py::TestCompressorStoreIntegration::test_full_context_manager_lifecycle PASSED [ 35%]
tests/test_harnesses.py::TestResearchHarness::test_create_research_harness PASSED [ 35%]
tests/test_harnesses.py::TestResearchHarness::test_research_harness_tools_registered PASSED [ 36%]
tests/test_harnesses.py::TestResearchHarness::test_research_harness_turn PASSED [ 36%]
tests/test_harnesses.py::TestResearchHarness::test_research_harness_security_policies PASSED [ 36%]
tests/test_harnesses.py::TestResearchHarness::test_research_harness_custom_root PASSED [ 37%]
tests/test_harnesses.py::TestResearchHarness::test_research_harness_system_prompt PASSED [ 37%]
tests/test_harnesses.py::TestResearchHarness::test_research_harness_with_recovery PASSED [ 37%]
tests/test_harnesses.py::TestResearchHarness::test_research_harness_tool_executors_wired PASSED [ 38%]
tests/test_harnesses.py::TestResearchHarnessEdgeCases::test_research_harness_default_root_created PASSED [ 38%]
tests/test_harnesses.py::TestResearchHarnessEdgeCases::test_research_harness_double_close PASSED [ 38%]
tests/test_harnesses.py::TestResearchHarnessEdgeCases::test_research_harness_turn_after_close PASSED [ 38%]
tests/test_harnesses.py::TestResearchHarnessEdgeCases::test_research_harness_with_explicit_model PASSED [ 39%]
tests/test_runtime_advanced.py::TestPipelineBase::test_register_tool PASSED [ 39%]
tests/test_runtime_advanced.py::TestPipelineBase::test_register_tools PASSED [ 39%]
tests/test_runtime_advanced.py::TestPipelineBase::test_build_llm_messages PASSED [ 40%]
tests/test_runtime_advanced.py::TestPipelineBase::test_llm_tool_format PASSED [ 40%]
tests/test_runtime_advanced.py::TestInteractivePipeline::test_turn_returns_step_result PASSED [ 40%]
tests/test_runtime_advanced.py::TestInteractivePipeline::test_turn_records_user_input PASSED [ 40%]
tests/test_runtime_advanced.py::TestInteractivePipeline::test_turn_with_tool_execution PASSED [ 41%]
tests/test_runtime_advanced.py::TestInteractivePipeline::test_turn_with_denied_tool PASSED [ 41%]
tests/test_runtime_advanced.py::TestInteractivePipeline::test_turn_complete_flag PASSED [ 41%]
tests/test_runtime_advanced.py::TestInteractivePipeline::test_turn_emits_pipeline_event PASSED [ 42%]
tests/test_runtime_advanced.py::TestInteractivePipeline::test_run_calls_turn PASSED [ 42%]
tests/test_runtime_advanced.py::TestAutoPipeline::test_turn_returns_step_result PASSED [ 42%]
tests/test_runtime_advanced.py::TestAutoPipeline::test_run_calls_turn PASSED [ 42%]
tests/test_runtime_advanced.py::TestStreamEvent::test_text_event PASSED  [ 43%]
tests/test_runtime_advanced.py::TestStreamEvent::test_tool_call_begin PASSED [ 43%]
tests/test_runtime_advanced.py::TestStreamEvent::test_tool_call_end PASSED [ 43%]
tests/test_runtime_advanced.py::TestStreamEvent::test_done PASSED        [ 44%]
tests/test_runtime_advanced.py::TestStreamEvent::test_done_without_usage PASSED [ 44%]
tests/test_runtime_advanced.py::TestStreamEvent::test_error PASSED       [ 44%]
tests/test_runtime_advanced.py::TestStreamBuffer::test_empty_buffer PASSED [ 45%]
tests/test_runtime_advanced.py::TestStreamBuffer::test_text_accumulation PASSED [ 45%]
tests/test_runtime_advanced.py::TestStreamBuffer::test_tool_call_lifecycle PASSED [ 45%]
tests/test_runtime_advanced.py::TestStreamBuffer::test_done_sets_usage PASSED [ 45%]
tests/test_runtime_advanced.py::TestStreamBuffer::test_error_recorded PASSED [ 46%]
tests/test_runtime_advanced.py::TestStreamBuffer::test_multiple_tool_calls PASSED [ 46%]
tests/test_runtime_advanced.py::TestStreamBuffer::test_partial_text_property PASSED [ 46%]
tests/test_runtime_advanced.py::TestMockStreamProvider::test_stream_complete PASSED [ 47%]
tests/test_runtime_advanced.py::TestMockStreamProvider::test_complete_non_streaming PASSED [ 47%]
tests/test_runtime_advanced.py::TestMockStreamProvider::test_custom_sequence PASSED [ 47%]
tests/test_runtime_advanced.py::TestStreamPipeline::test_turn_returns_step_result PASSED [ 47%]
tests/test_runtime_advanced.py::TestStreamPipeline::test_streaming_with_mock_provider PASSED [ 48%]
tests/test_runtime_advanced.py::TestStreamPipeline::test_stream_emits_events PASSED [ 48%]
tests/test_runtime_advanced.py::TestErrorClassifier::test_connection_error_is_retryable PASSED [ 48%]
tests/test_runtime_advanced.py::TestErrorClassifier::test_timeout_is_retryable PASSED [ 49%]
tests/test_runtime_advanced.py::TestErrorClassifier::test_custom_register PASSED [ 49%]
tests/test_runtime_advanced.py::TestErrorClassifier::test_heuristic_rate_limit PASSED [ 49%]
tests/test_runtime_advanced.py::TestErrorClassifier::test_heuristic_auth PASSED [ 50%]
tests/test_runtime_advanced.py::TestErrorClassifier::test_heuristic_not_found PASSED [ 50%]
tests/test_runtime_advanced.py::TestErrorClassifier::test_unknown_default PASSED [ 50%]
tests/test_runtime_advanced.py::TestErrorClassifier::test_custom_predicate PASSED [ 50%]
tests/test_runtime_advanced.py::TestRetryPolicy::test_delay_increases PASSED [ 51%]
tests/test_runtime_advanced.py::TestRetryPolicy::test_delay_capped PASSED [ 51%]
tests/test_runtime_advanced.py::TestRetryPolicy::test_delay_with_jitter PASSED [ 51%]
tests/test_runtime_advanced.py::TestRetryFunction::test_retry_success_first_try PASSED [ 52%]
tests/test_runtime_advanced.py::TestRetryFunction::test_retry_eventually_succeeds PASSED [ 52%]
tests/test_runtime_advanced.py::TestRetryFunction::test_retry_exhausted PASSED [ 52%]
tests/test_runtime_advanced.py::TestRetryFunction::test_non_retryable_raises_immediately PASSED [ 52%]
tests/test_runtime_advanced.py::TestCircuitBreaker::test_initial_state PASSED [ 53%]
tests/test_runtime_advanced.py::TestCircuitBreaker::test_open_after_threshold PASSED [ 53%]
tests/test_runtime_advanced.py::TestCircuitBreaker::test_on_success_in_half_open PASSED [ 53%]
tests/test_runtime_advanced.py::TestCircuitBreaker::test_stats PASSED    [ 54%]
tests/test_runtime_advanced.py::TestCircuitBreaker::test_reset PASSED    [ 54%]
tests/test_runtime_advanced.py::TestCircuitBreaker::test_protect_context_manager_success PASSED [ 54%]
tests/test_runtime_advanced.py::TestCircuitBreaker::test_protect_context_manager_open PASSED [ 54%]
tests/test_runtime_advanced.py::TestCircuitBreaker::test_protect_with_fallback PASSED [ 55%]
tests/test_runtime_advanced.py::TestCircuitBreaker::test_on_failure_in_half_open_reopens PASSED [ 55%]
tests/test_runtime_advanced.py::TestCircuitBreaker::test_success_in_closed_reduces_failure_count PASSED [ 55%]
tests/test_runtime_advanced.py::TestCircuitBreaker::test_protect_raises_on_exception PASSED [ 56%]
tests/test_runtime_advanced.py::TestPipelineRecovery::test_call_with_recovery_success PASSED [ 56%]
tests/test_runtime_advanced.py::TestPipelineRecovery::test_call_with_recovery_failure PASSED [ 56%]
tests/test_runtime_advanced.py::TestPipelineRecovery::test_consecutive_failures_threshold PASSED [ 57%]
tests/test_runtime_advanced.py::TestPipelineRecovery::test_get_breaker PASSED [ 57%]
tests/test_runtime_advanced.py::TestPipelineRecovery::test_classify PASSED [ 57%]
tests/test_runtime_advanced.py::TestPipelineRecovery::test_circuit_breaker_prevents_calls_when_open PASSED [ 57%]
tests/test_runtime_advanced.py::TestCheckpoint::test_defaults PASSED     [ 58%]
tests/test_runtime_advanced.py::TestCheckpoint::test_full PASSED         [ 58%]
tests/test_runtime_advanced.py::TestCheckpointStore::test_save_and_load PASSED [ 58%]
tests/test_runtime_advanced.py::TestCheckpointStore::test_load_nonexistent PASSED [ 59%]
tests/test_runtime_advanced.py::TestCheckpointStore::test_load_with_meta PASSED [ 59%]
tests/test_runtime_advanced.py::TestCheckpointStore::test_list_checkpoints PASSED [ 59%]
tests/test_runtime_advanced.py::TestCheckpointStore::test_delete_session PASSED [ 59%]
tests/test_runtime_advanced.py::TestCheckpointStore::test_prune_excess PASSED [ 60%]
tests/test_runtime_advanced.py::TestAutoSaveManager::test_update_and_save PASSED [ 60%]
tests/test_runtime_advanced.py::TestAutoSaveManager::test_handler_fires_on_event PASSED [ 60%]
tests/test_runtime_advanced.py::TestAutoSaveManager::test_handler_no_save_on_interval PASSED [ 61%]
tests/test_runtime_advanced.py::TestAutoSaveManager::test_save_without_update_does_nothing PASSED [ 61%]
tests/test_runtime_advanced.py::TestHarnessRuntime::test_initialization PASSED [ 61%]
tests/test_runtime_advanced.py::TestHarnessRuntime::test_start PASSED    [ 61%]
tests/test_runtime_advanced.py::TestHarnessRuntime::test_turn PASSED     [ 62%]
tests/test_runtime_advanced.py::TestHarnessRuntime::test_run PASSED      [ 62%]
tests/test_runtime_advanced.py::TestHarnessRuntime::test_close PASSED    [ 62%]
tests/test_runtime_advanced.py::TestHarnessRuntime::test_close_idempotent PASSED [ 63%]
tests/test_runtime_advanced.py::TestHarnessRuntime::test_cannot_restart_closed PASSED [ 63%]
tests/test_runtime_advanced.py::TestHarnessRuntime::test_register_tool PASSED [ 63%]
tests/test_runtime_advanced.py::TestHarnessRuntime::test_register_tools PASSED [ 64%]
tests/test_runtime_advanced.py::TestHarnessRuntime::test_event_subscription PASSED [ 64%]
tests/test_runtime_advanced.py::TestHarnessRuntime::test_add_security_policy PASSED [ 64%]
tests/test_runtime_advanced.py::TestHarnessRuntime::test_with_recovery PASSED [ 64%]
tests/test_runtime_advanced.py::TestHarnessRuntime::test_with_checkpoint_store PASSED [ 65%]
tests/test_runtime_advanced.py::TestHarnessRuntime::test_properties PASSED [ 65%]
tests/test_runtime_advanced.py::TestHarnessRuntime::test_turn_after_close_raises PASSED [ 65%]
tests/test_runtime_advanced.py::TestHarnessRuntime::test_config_defaults PASSED [ 66%]
tests/test_runtime_advanced.py::TestHarnessRuntime::test_custom_config PASSED [ 66%]
tests/test_runtime_core.py::TestEnums::test_session_state_values PASSED  [ 66%]
tests/test_runtime_core.py::TestEnums::test_pipeline_phase_order PASSED  [ 66%]
tests/test_runtime_core.py::TestEnums::test_pipeline_event_string_values PASSED [ 67%]
tests/test_runtime_core.py::TestToolParam::test_defaults PASSED          [ 67%]
tests/test_runtime_core.py::TestToolParam::test_full PASSED              [ 67%]
tests/test_runtime_core.py::TestToolDefinition::test_minimal PASSED      [ 68%]
tests/test_runtime_core.py::TestToolDefinition::test_to_anthropic_tool PASSED [ 68%]
tests/test_runtime_core.py::TestToolDefinition::test_to_openai_tool PASSED [ 68%]
tests/test_runtime_core.py::TestInferenceConfig::test_defaults PASSED    [ 69%]
tests/test_runtime_core.py::TestInferenceResult::test_empty PASSED       [ 69%]
tests/test_runtime_core.py::TestInferenceResult::test_with_tool_calls PASSED [ 69%]
tests/test_runtime_core.py::TestToolCall::test_defaults PASSED           [ 69%]
tests/test_runtime_core.py::TestToolCall::test_full PASSED               [ 70%]
tests/test_runtime_core.py::TestUserInput::test_defaults PASSED          [ 70%]
tests/test_runtime_core.py::TestUserInput::test_with_attachments PASSED  [ 70%]
tests/test_runtime_core.py::TestHarnessSpec::test_minimal PASSED         [ 71%]
tests/test_runtime_core.py::TestHarnessSpec::test_resolve_tool PASSED    [ 71%]
tests/test_runtime_core.py::TestEventPayload::test_defaults PASSED       [ 71%]
tests/test_runtime_core.py::TestEventPayload::test_with_data PASSED      [ 71%]
tests/test_runtime_core.py::TestStepResult::test_defaults PASSED         [ 72%]
tests/test_runtime_core.py::TestStepResult::test_full PASSED             [ 72%]
tests/test_runtime_core.py::TestUsage::test_defaults PASSED              [ 72%]
tests/test_runtime_core.py::TestUsage::test_sum PASSED                   [ 73%]
tests/test_runtime_core.py::TestMessageBus::test_emit_and_subscribe PASSED [ 73%]
tests/test_runtime_core.py::TestMessageBus::test_unsubscribe PASSED      [ 73%]
tests/test_runtime_core.py::TestMessageBus::test_history PASSED          [ 73%]
tests/test_runtime_core.py::TestMessageBus::test_clear_history PASSED    [ 74%]
tests/test_runtime_core.py::TestMessageBus::test_last_event PASSED       [ 74%]
tests/test_runtime_core.py::TestMessageBus::test_handler_error_isolation PASSED [ 74%]
tests/test_runtime_core.py::TestMessageBus::test_last_event_no_filter PASSED [ 75%]
tests/test_runtime_core.py::TestSession::test_initial_state PASSED       [ 75%]
tests/test_runtime_core.py::TestSession::test_start PASSED               [ 75%]
tests/test_runtime_core.py::TestSession::test_start_twice_raises PASSED  [ 76%]
tests/test_runtime_core.py::TestSession::test_pause_and_resume PASSED    [ 76%]
tests/test_runtime_core.py::TestSession::test_pause_from_created_raises PASSED [ 76%]
tests/test_runtime_core.py::TestSession::test_close PASSED               [ 76%]
tests/test_runtime_core.py::TestSession::test_close_idempotent PASSED    [ 77%]
tests/test_runtime_core.py::TestSession::test_turn_count_increments PASSED [ 77%]
tests/test_runtime_core.py::TestSession::test_record_user_input_emits_event PASSED [ 77%]
tests/test_runtime_core.py::TestSession::test_session_id_generated PASSED [ 78%]
tests/test_runtime_core.py::TestSession::test_auto_generated_id_format PASSED [ 78%]
tests/test_runtime_core.py::TestSession::test_context_manager_property PASSED [ 78%]
tests/test_runtime_core.py::TestSession::test_record_assistant_text PASSED [ 78%]
tests/test_runtime_core.py::TestSession::test_record_tool_result PASSED  [ 79%]
tests/test_runtime_core.py::TestSession::test_start_emits_event PASSED   [ 79%]
tests/test_runtime_core.py::TestSession::test_close_emits_event PASSED   [ 79%]
tests/test_runtime_core.py::TestSession::test_session_with_custom_id PASSED [ 80%]
tests/test_runtime_core.py::TestDecision::test_enum_values PASSED        [ 80%]
tests/test_runtime_core.py::TestApprovalResult::test_defaults PASSED     [ 80%]
tests/test_runtime_core.py::TestApprovalResult::test_full PASSED         [ 80%]
tests/test_runtime_core.py::TestAllowReadOnly::test_allow_read_tools PASSED [ 81%]
tests/test_runtime_core.py::TestAllowReadOnly::test_deny_mutate_tools PASSED [ 81%]
tests/test_runtime_core.py::TestAllowReadOnly::test_pass_through_unknown PASSED [ 81%]
tests/test_runtime_core.py::TestAllowPathPrefix::test_allowed_path PASSED [ 82%]
tests/test_runtime_core.py::TestAllowPathPrefix::test_denied_path PASSED [ 82%]
tests/test_runtime_core.py::TestAllowPathPrefix::test_no_path_param PASSED [ 82%]
tests/test_runtime_core.py::TestAllowPathPrefix::test_windows_path_normalization PASSED [ 83%]
tests/test_runtime_core.py::TestAllowPathPrefix::test_path_param_variants PASSED [ 83%]
tests/test_runtime_core.py::TestDenyCommands::test_deny_matching_pattern PASSED [ 83%]
tests/test_runtime_core.py::TestDenyCommands::test_allow_safe_params PASSED [ 83%]
tests/test_runtime_core.py::TestSecurityGate::test_approve_with_policy PASSED [ 84%]
tests/test_runtime_core.py::TestSecurityGate::test_deny_with_policy PASSED [ 84%]
tests/test_runtime_core.py::TestSecurityGate::test_default_require_approval PASSED [ 84%]
tests/test_runtime_core.py::TestSecurityGate::test_default_no_restriction PASSED [ 85%]
tests/test_runtime_core.py::TestSecurityGate::test_policy_error_denies PASSED [ 85%]
tests/test_runtime_core.py::TestSecurityGate::test_audit_log PASSED      [ 85%]
tests/test_runtime_core.py::TestSecurityGate::test_policy_chain_order PASSED [ 85%]
tests/test_runtime_core.py::TestMockProvider::test_default_echo_response PASSED [ 86%]
tests/test_runtime_core.py::TestMockProvider::test_predefined_response PASSED [ 86%]
tests/test_runtime_core.py::TestMockProvider::test_call_count PASSED     [ 86%]
tests/test_runtime_core.py::TestMockProvider::test_last_messages_stored PASSED [ 87%]
tests/test_runtime_core.py::TestMockProvider::test_add_response_dynamic PASSED [ 87%]
tests/test_runtime_core.py::TestMockProvider::test_multiple_responses_cycle PASSED [ 87%]
tests/test_tool_registry.py::TestToolResult::test_ok PASSED              [ 88%]
tests/test_tool_registry.py::TestToolResult::test_err PASSED             [ 88%]
tests/test_tool_registry.py::TestToolResult::test_defaults PASSED        [ 88%]
tests/test_tool_registry.py::TestParamSpec::test_minimal PASSED          [ 88%]
tests/test_tool_registry.py::TestParamSpec::test_to_runtime_param PASSED [ 89%]
tests/test_tool_registry.py::TestReadTool::test_read_text_file PASSED    [ 89%]
tests/test_tool_registry.py::TestReadTool::test_file_not_found PASSED    [ 89%]
tests/test_tool_registry.py::TestReadTool::test_path_traversal_blocked PASSED [ 90%]
tests/test_tool_registry.py::TestReadTool::test_offset_and_limit PASSED  [ 90%]
tests/test_tool_registry.py::TestWriteTool::test_write_new_file PASSED   [ 90%]
tests/test_tool_registry.py::TestWriteTool::test_write_creates_dirs PASSED [ 90%]
tests/test_tool_registry.py::TestWriteTool::test_write_overwrite PASSED  [ 91%]
tests/test_tool_registry.py::TestWriteTool::test_write_size_limit PASSED [ 91%]
tests/test_tool_registry.py::TestWriteTool::test_write_path_traversal_blocked PASSED [ 91%]
tests/test_tool_registry.py::TestEditTool::test_simple_replace PASSED    [ 92%]
tests/test_tool_registry.py::TestEditTool::test_string_not_found PASSED  [ 92%]
tests/test_tool_registry.py::TestEditTool::test_only_first_occurrence PASSED [ 92%]
tests/test_tool_registry.py::TestGlobTool::test_find_py_files PASSED     [ 92%]
tests/test_tool_registry.py::TestGlobTool::test_no_matches PASSED        [ 93%]
tests/test_tool_registry.py::TestGlobTool::test_max_results PASSED       [ 93%]
tests/test_tool_registry.py::TestGrepTool::test_simple_search PASSED     [ 93%]
tests/test_tool_registry.py::TestGrepTool::test_no_match PASSED          [ 94%]
tests/test_tool_registry.py::TestGrepTool::test_case_sensitive PASSED    [ 94%]
tests/test_tool_registry.py::TestGrepTool::test_context_lines PASSED     [ 94%]
tests/test_tool_registry.py::TestGrepTool::test_glob_filter PASSED       [ 95%]
tests/test_tool_registry.py::TestWebSearchTool::test_search_returns_structured_result PASSED [ 95%]
tests/test_tool_registry.py::TestWebSearchTool::test_max_results_clamped PASSED [ 95%]
tests/test_tool_registry.py::TestWebFetchTool::test_invalid_url PASSED   [ 95%]
tests/test_tool_registry.py::TestWebFetchTool::test_valid_url_no_backend PASSED [ 96%]
tests/test_tool_registry.py::TestToolRegistry::test_register_and_get PASSED [ 96%]
tests/test_tool_registry.py::TestToolRegistry::test_register_all PASSED  [ 96%]
tests/test_tool_registry.py::TestToolRegistry::test_unregister PASSED    [ 97%]
tests/test_tool_registry.py::TestToolRegistry::test_list PASSED          [ 97%]
tests/test_tool_registry.py::TestToolRegistry::test_execute_unknown_tool PASSED [ 97%]
tests/test_tool_registry.py::TestToolRegistry::test_execute_tool PASSED  [ 97%]
tests/test_tool_registry.py::TestToolRegistry::test_safe_execute PASSED  [ 98%]
tests/test_tool_registry.py::TestToolRegistry::test_definitions PASSED   [ 98%]
tests/test_tool_registry.py::TestToolRegistry::test_list_by_category PASSED [ 98%]
tests/test_tool_registry.py::TestHarnessIntegration::test_install_into_harness PASSED [ 99%]
tests/test_tool_registry.py::TestHarnessIntegration::test_selective_install PASSED [ 99%]
tests/test_tool_registry.py::TestHarnessIntegration::test_full_registry_integration PASSED [ 99%]
tests/test_tool_registry.py::TestHarnessIntegration::test_tool_result_bool_coercion PASSED [100%]

============================= 342 passed in 6.12s =============================
